2026-01-02 01:40:41,918 | INFO | Starting step: Data Generation
2026-01-02 01:40:46,525 | INFO | Completed step: Data Generation in 4.61s
2026-01-02 01:40:46,525 | INFO | Starting step: Data Ingestion
2026-01-02 01:40:47,003 | ERROR | Data Ingestion failed (attempt 1)
Traceback (most recent call last):
  File "C:\Users\User\OneDrive\Desktop\ecommerce-data-pipeline-23MH1A05F0\scripts\pipeline_orchestrator.py", line 61, in run_step
    subprocess.run(command, check=True)
  File "C:\Users\User\AppData\Local\Programs\Python\Python311\Lib\subprocess.py", line 569, in run
    raise CalledProcessError(retcode, process.args,
subprocess.CalledProcessError: Command '['python', 'scripts/ingestion/ingest_to_staging.py']' returned non-zero exit status 1.
2026-01-02 01:40:48,018 | INFO | Starting step: Data Ingestion
2026-01-02 01:40:48,479 | ERROR | Data Ingestion failed (attempt 2)
Traceback (most recent call last):
  File "C:\Users\User\OneDrive\Desktop\ecommerce-data-pipeline-23MH1A05F0\scripts\pipeline_orchestrator.py", line 61, in run_step
    subprocess.run(command, check=True)
  File "C:\Users\User\AppData\Local\Programs\Python\Python311\Lib\subprocess.py", line 569, in run
    raise CalledProcessError(retcode, process.args,
subprocess.CalledProcessError: Command '['python', 'scripts/ingestion/ingest_to_staging.py']' returned non-zero exit status 1.
2026-01-02 01:40:50,482 | INFO | Starting step: Data Ingestion
2026-01-02 01:40:50,895 | ERROR | Data Ingestion failed (attempt 3)
Traceback (most recent call last):
  File "C:\Users\User\OneDrive\Desktop\ecommerce-data-pipeline-23MH1A05F0\scripts\pipeline_orchestrator.py", line 61, in run_step
    subprocess.run(command, check=True)
  File "C:\Users\User\AppData\Local\Programs\Python\Python311\Lib\subprocess.py", line 569, in run
    raise CalledProcessError(retcode, process.args,
subprocess.CalledProcessError: Command '['python', 'scripts/ingestion/ingest_to_staging.py']' returned non-zero exit status 1.
2026-01-02 01:40:50,895 | INFO | Pipeline execution finished
2026-01-02 01:40:50,895 | INFO | Execution report saved to data\processed\pipeline_execution_report.json
