2025-12-30 01:41:42,650 | INFO | Starting step: Data Generation
2025-12-30 01:41:48,610 | INFO | Completed step: Data Generation in 5.96s
2025-12-30 01:41:48,610 | INFO | Starting step: Data Ingestion
2025-12-30 01:41:50,650 | ERROR | Data Ingestion failed (attempt 1)
Traceback (most recent call last):
  File "C:\Users\User\OneDrive\Desktop\ecommerce-data-pipeline-23MH1A05F0\scripts\pipeline_orchestrator.py", line 61, in run_step
    subprocess.run(command, check=True)
  File "C:\Users\User\AppData\Local\Programs\Python\Python311\Lib\subprocess.py", line 569, in run
    raise CalledProcessError(retcode, process.args,
subprocess.CalledProcessError: Command '['python', 'scripts/ingestion/ingest_to_staging.py']' returned non-zero exit status 1.
2025-12-30 01:41:51,659 | INFO | Starting step: Data Ingestion
2025-12-30 01:41:52,455 | ERROR | Data Ingestion failed (attempt 2)
Traceback (most recent call last):
  File "C:\Users\User\OneDrive\Desktop\ecommerce-data-pipeline-23MH1A05F0\scripts\pipeline_orchestrator.py", line 61, in run_step
    subprocess.run(command, check=True)
  File "C:\Users\User\AppData\Local\Programs\Python\Python311\Lib\subprocess.py", line 569, in run
    raise CalledProcessError(retcode, process.args,
subprocess.CalledProcessError: Command '['python', 'scripts/ingestion/ingest_to_staging.py']' returned non-zero exit status 1.
2025-12-30 01:41:54,459 | INFO | Starting step: Data Ingestion
2025-12-30 01:41:55,223 | ERROR | Data Ingestion failed (attempt 3)
Traceback (most recent call last):
  File "C:\Users\User\OneDrive\Desktop\ecommerce-data-pipeline-23MH1A05F0\scripts\pipeline_orchestrator.py", line 61, in run_step
    subprocess.run(command, check=True)
  File "C:\Users\User\AppData\Local\Programs\Python\Python311\Lib\subprocess.py", line 569, in run
    raise CalledProcessError(retcode, process.args,
subprocess.CalledProcessError: Command '['python', 'scripts/ingestion/ingest_to_staging.py']' returned non-zero exit status 1.
2025-12-30 01:41:55,227 | INFO | Pipeline execution finished
2025-12-30 01:41:55,227 | INFO | Execution report saved to data\processed\pipeline_execution_report.json
