2026-01-02 02:16:52,138 | INFO | Starting step: Data Generation
2026-01-02 02:16:57,567 | INFO | Completed step: Data Generation in 5.43s
2026-01-02 02:16:57,567 | INFO | Starting step: Data Ingestion
2026-01-02 02:16:58,276 | ERROR | Data Ingestion failed (attempt 1)
Traceback (most recent call last):
  File "C:\Users\User\OneDrive\Desktop\ecommerce-data-pipeline-23MH1A05F0\scripts\pipeline_orchestrator.py", line 61, in run_step
    subprocess.run(command, check=True)
  File "C:\Users\User\AppData\Local\Programs\Python\Python311\Lib\subprocess.py", line 569, in run
    raise CalledProcessError(retcode, process.args,
subprocess.CalledProcessError: Command '['python', 'scripts/ingestion/ingest_to_staging.py']' returned non-zero exit status 1.
2026-01-02 02:16:59,283 | INFO | Starting step: Data Ingestion
2026-01-02 02:17:00,031 | ERROR | Data Ingestion failed (attempt 2)
Traceback (most recent call last):
  File "C:\Users\User\OneDrive\Desktop\ecommerce-data-pipeline-23MH1A05F0\scripts\pipeline_orchestrator.py", line 61, in run_step
    subprocess.run(command, check=True)
  File "C:\Users\User\AppData\Local\Programs\Python\Python311\Lib\subprocess.py", line 569, in run
    raise CalledProcessError(retcode, process.args,
subprocess.CalledProcessError: Command '['python', 'scripts/ingestion/ingest_to_staging.py']' returned non-zero exit status 1.
2026-01-02 02:17:02,034 | INFO | Starting step: Data Ingestion
2026-01-02 02:17:02,788 | ERROR | Data Ingestion failed (attempt 3)
Traceback (most recent call last):
  File "C:\Users\User\OneDrive\Desktop\ecommerce-data-pipeline-23MH1A05F0\scripts\pipeline_orchestrator.py", line 61, in run_step
    subprocess.run(command, check=True)
  File "C:\Users\User\AppData\Local\Programs\Python\Python311\Lib\subprocess.py", line 569, in run
    raise CalledProcessError(retcode, process.args,
subprocess.CalledProcessError: Command '['python', 'scripts/ingestion/ingest_to_staging.py']' returned non-zero exit status 1.
2026-01-02 02:17:02,790 | INFO | Pipeline execution finished
2026-01-02 02:17:02,790 | INFO | Execution report saved to data\processed\pipeline_execution_report.json
